ğŸš€âš¡ BLAZING FAST MULTI-LANGUAGE BENCHMARK RESULTS âš¡ğŸš€ 
 
Generated: 17.08.2025 11:17:48,45 
 
=== ASSEMBLY 1000 ELEMENTS === 
ğŸš€âš¡ ASSEMBLY-LEVEL OPTIMIZED BENCHMARK SUITE âš¡ğŸš€

ğŸ“Š Testing with 1000 users...

ğŸ¯ ULTRA-OPTIMIZED PERFORMANCE TESTS:

ğŸ”¥ Testing C Basic...
   Result: 57619 in 0.000 ms
ğŸ”¥ Testing Ultra Unrolled 16x...
   Result: 57619 in 0.000 ms
ğŸ”¥ Testing Pointer Optimized...
   Result: 57619 in 0.003 ms
ğŸ”¥ Testing SSE2 SIMD Optimized...
   Result: 57619 in 0.000 ms
ğŸ”¥ Testing EXTREME Optimized...
   Result: 57619 in 0.000 ms

ğŸš€ PERFORMANCE ANALYSIS:

Ultra Unrolled vs Basic:  1.00x faster
Pointer vs Basic:         0.08x faster
SSE2 vs Basic:            2.00x faster
EXTREME vs Basic:         1.00x faster

âš¡ PERFORMANCE ESTIMATES:
C Basic:         ~0.200 ms/M elements
Ultra Unrolled:  ~0.200 ms/M elements
Pointer:         ~2.600 ms/M elements
SSE2:            ~0.100 ms/M elements
EXTREME:         ~0.200 ms/M elements

ğŸ† CHAMPION: SSE2 with 0.000 ms
ğŸ’¥ Assembly-level optimizations achieve maximum performance!
ğŸ¯ Expected performance: < 0.1ms for 1M elements

ğŸ”¥ COMPARISON WITH OTHER LANGUAGES:
Expected speedup vs standard C:   3-5x faster
Expected speedup vs Rust:         2-4x faster
Expected speedup vs Go:           10-20x faster
Expected speedup vs Python:       500-1000x faster
 
=== C 1000 ELEMENTS === 
ğŸš€âš¡ C BLAZING FAST BENCHMARK SUITE âš¡ğŸš€

ğŸ“Š SYSTEM INFO:
   Compiler: Clang Clang 12.0.0
   CPU Cores: 16
   Threads: 4
   AVX2 Support: No

Processing 1000 users
C provides maximum performance with manual optimization!

ğŸ—ï¸ Creating test data...
Data creation: 0ms

ğŸš€ Running benchmarks...

ğŸ“Š RESULTS:

ğŸ¥‡ C AVX/SIMD: 0.000ms (1.0x)
ğŸ¥ˆ C Unrolled: 0.000ms (0.5x)
ğŸ¥‰ C SoA Basic: 0.000ms (0.3x)
ğŸ”¸ C Pointer: 0.000ms (0.3x)
ğŸ”¸ C AoS Basic: 0.000ms (0.3x)
ğŸ”¸ C Threads: 0.597ms (0.0x)
ğŸ”¸ C Threads Unrolled: 0.600ms (0.0x)

ğŸ¯ C PERFORMANCE INSIGHTS:
   â€¢ Manual memory management eliminates GC overhead
   â€¢ SIMD intrinsics provide vectorized operations
   â€¢ Loop unrolling reduces branching overhead
   â€¢ pthread provides efficient multithreading
   â€¢ Cache-aligned data improves memory access
   â€¢ Compiler optimizations (-O3) are crucial

âœ… Verification: All results match!
   Expected sum: 49500
   Actual results: 49500

ğŸ† C CHAMPION: C AVX/SIMD
âš¡ Best time: 0.000ms
ğŸš€ Elements per second: 9999999525

ğŸ“ Results saved to blazing_results_c.txt

ğŸ‰ C benchmark complete!
 
=== RUST 1000 ELEMENTS === 
User size: 40
User alignment: 8
Average age: 49
Elapsed time: 104.5762ms
Average age soa: 49
Elapsed time soa: 3.0255ms

ğŸ”¥ SIMD BLAZING FAST VERSION ğŸ”¥
Average age SIMD: 49
Elapsed time SIMD: 10.8502ms

âš¡ ULTRA FAST UNSAFE VERSION âš¡
Average age ULTRA: 49
Elapsed time ULTRA: 8.6023ms

ğŸŒŸ PARALLEL ULTRA VERSION ğŸŒŸ
Average age PARALLEL: 49
Elapsed time PARALLEL: 2.2081ms

ğŸ‘‘ GODLIKE VERSION (32-byte chunks) ğŸ‘‘
Average age GODLIKE: 49
Elapsed time GODLIKE: 5.3388ms

ğŸŒŒ QUANTUM VERSION (optimized for small arrays) ğŸŒŒ
Average age QUANTUM: 49
Elapsed time QUANTUM: 4.6979ms

ğŸ”¥ ASSEMBLY VERSION (inline asm) ğŸ”¥
Average age ASSEMBLY: 49
Elapsed time ASSEMBLY: 31.3501ms

ğŸŒŠ AVX2 FIXED VERSION (256-bit SIMD) ğŸŒŠ
Average age AVX2: 49
Elapsed time AVX2: 102.471ms

âš¡ğŸŒŒâš¡ LUDICROUS SPEED VERSION (64-byte chunks) âš¡ğŸŒŒâš¡
Average age LUDICROUS: 49
Elapsed time LUDICROUS: 9.1731ms

ğŸš€âš¡ğŸš€ PARALLEL LUDICROUS VERSION (beyond time itself) ğŸš€âš¡ğŸš€
Average age PARALLEL LUDICROUS: 49
Elapsed time PARALLEL LUDICROUS: 19.692ms

ğŸ”¥ğŸ”¥ğŸ”¥ JIT FIXED VERSION (pseudo-JIT) ğŸ”¥ğŸ”¥ğŸ”¥
Average age JIT FIXED: 49
Elapsed time JIT FIXED: 11.9269ms

ğŸ“Š PERFORMANCE COMPARISON:
Rust AoS (Array of Structs): 104.5762ms
Rust SoA (Struct of Arrays): 3.0255ms
Rust SIMD (Vectorized):      10.8502ms
Rust ULTRA (Unsafe):         8.6023ms
Rust PARALLEL (Multi-core):  2.2081ms
Rust GODLIKE (32-byte):       5.3388ms
Rust QUANTUM (Optimized):    4.6979ms
Rust ASSEMBLY (inline asm):  31.3501ms
Rust AVX2 FIXED (256-bit):   102.471ms
Rust LUDICROUS (64-byte):     9.1731ms
Rust PAR_LUDICROUS (beyond):  19.692ms
Rust JIT FIXED (pseudo):     11.9269ms

ğŸš„ ĞĞ•Ğ’Ğ«ĞĞĞ¡Ğ˜ĞœĞ«Ğ• Ğ£Ğ¡ĞšĞĞ Ğ•ĞĞ˜Ğ¯ vs AoS:
SIMD:          10x faster
ULTRA:         12x faster
PARALLEL:      47x faster
GODLIKE:       20x faster
QUANTUM:       22x faster
ASSEMBLY:      3x faster
AVX2 FIXED:    1x faster
LUDICROUS:     11x faster
PAR_LUDICROUS: 5x faster
JIT FIXED:     9x faster

ğŸ†ğŸš€âš¡ ĞĞ‘Ğ¡ĞĞ›Ğ®Ğ¢ĞĞ«Ğ™ ĞŸĞĞ‘Ğ•Ğ”Ğ˜Ğ¢Ğ•Ğ›Ğ¬: ğŸŒŸ PARALLEL with 2.2081ms! âš¡ğŸš€ğŸ†
ğŸ’¥ ĞĞ•Ğ’Ğ«ĞĞĞ¡Ğ˜ĞœĞĞ• Ğ£Ğ¡ĞšĞĞ Ğ•ĞĞ˜Ğ•: 47x Ğ±Ñ‹ÑÑ‚Ñ€ĞµĞµ Ğ±Ğ°Ğ·Ğ¾Ğ²Ğ¾Ğ¹ Ñ€ĞµĞ°Ğ»Ğ¸Ğ·Ğ°Ñ†Ğ¸Ğ¸!

ğŸš€ğŸ’¾ BLAZING FAST I/O DEMONSTRATION ğŸ’¾ğŸš€

âš¡ğŸ“Š ULTRA FAST PRINT (zero allocations):
PARALLEL: 49 - 2ms (47x faster)
SoA: 49 - 3ms (34x faster)
PAR_LUDICROUS: 49 - 19ms (5x faster)
Ultra fast print time: 6.5Âµs

ğŸš€ğŸ’¾ BUFFERED FILE WRITE:
Memory-mapped file write time: 440.3Âµs

ğŸš€ğŸ“ PARALLEL FILE WRITE:
Parallel file write time: 862.4Âµs

ğŸ¯ I/O OPTIMIZATION SUMMARY:
â€¢ Zero-allocation printing: Ğ¸Ğ·Ğ±ĞµĞ³Ğ°ĞµÑ‚ malloc/free
â€¢ Large buffers (64KB-1MB): Ğ¼Ğ¸Ğ½Ğ¸Ğ¼Ğ¸Ğ·Ğ¸Ñ€ÑƒĞµÑ‚ ÑĞ¸ÑÑ‚ĞµĞ¼Ğ½Ñ‹Ğµ Ğ²Ñ‹Ğ·Ğ¾Ğ²Ñ‹
â€¢ Memory-mapped I/O: bypass kernel buffers
â€¢ Parallel file writes: Ğ¸ÑĞ¿Ğ¾Ğ»ÑŒĞ·ÑƒĞµÑ‚ Ğ²ÑĞµ ÑĞ´Ñ€Ğ° Ğ´Ğ»Ñ I/O
â€¢ Stack-allocated formatting: Ğ½Ğ¸ĞºĞ°ĞºĞ¸Ñ… String Ğ°Ğ»Ğ»Ğ¾ĞºĞ°Ñ†Ğ¸Ğ¹

ğŸš€ Generated files: blazing_results.txt, blazing_results_0-3.txt
ğŸ’¥ I/O Ñ‚ĞµĞ¿ĞµÑ€ÑŒ Ñ‚Ğ¾Ğ¶Ğµ Ñ€Ğ°Ğ±Ğ¾Ñ‚Ğ°ĞµÑ‚ Ñ LUDICROUS SPEED! ğŸ’¥
 
=== GO 1000 ELEMENTS === 
ğŸš€âš¡ GO BLAZING FAST BENCHMARK SUITE âš¡ğŸš€

ğŸ“Š SYSTEM INFO:
   Go Version: go1.25.0
   Platform: windows/amd64
   CPU Cores: 16
   Goroutines: 1

Processing 1000000 users
Go is optimized for concurrency and simplicity!

ğŸ—ï¸ Creating test data...
Data creation: 138ms

ğŸš€ Running benchmarks...

ğŸ“Š RESULTS:

ğŸ¥‡ Go AoS Basic: 0.000ms (NaNx)
ğŸ¥ˆ Go SoA Basic: 0.000ms (NaNx)
ğŸ¥‰ Go Unsafe: 0.000ms (NaNx)
ğŸ”¸ Go Goroutines: 0.000ms (NaNx)
ğŸ”¸ Go Goroutines Unrolled: 0.000ms (NaNx)
ğŸ”¸ Go Channels: 0.000ms (NaNx)
ğŸ”¸ Go Unrolled: 4.975ms (0.0x)

ğŸ¯ GO PERFORMANCE INSIGHTS:
   â€¢ Goroutines provide excellent concurrency with low overhead
   â€¢ Loop unrolling improves performance on predictable data
   â€¢ Unsafe operations can provide C-like performance
   â€¢ Channels enable elegant CSP-style communication
   â€¢ Static compilation ensures consistent performance
   â€¢ Garbage collector is optimized for low latency

âœ… Verification: All results match!
   Expected sum: 49500000
   Actual results: {49500000}

ğŸ† GO CHAMPION: Go AoS Basic
âš¡ Best time: 0.000ms
ğŸš€ Elements per second: +Inf

ğŸ“ Results saved to blazing_results_go.txt

ğŸ‰ Go benchmark complete!
 
=== PYTHON 1000 ELEMENTS === 
Traceback (most recent call last):
  File "C:\Users\User\Desktop\blazing\blazing_python_main.py", line 28, in <module>
    import numpy as np
ModuleNotFoundError: No module named 'numpy'

During handling of the above exception, another exception occurred:

Traceback (most recent call last):
  File "C:\Users\User\Desktop\blazing\blazing_python_main.py", line 32, in <module>
    print("\u274c NumPy not available")
    ~~~~~^^^^^^^^^^^^^^^^^^^^^^^^^^
  File "C:\Users\User\AppData\Local\Programs\Python\Python313\Lib\encodings\cp1251.py", line 19, in encode
    return codecs.charmap_encode(input,self.errors,encoding_table)[0]
           ~~~~~~~~~~~~~~~~~~~~~^^^^^^^^^^^^^^^^^^^^^^^^^^^^^^^^^^
UnicodeEncodeError: 'charmap' codec can't encode character '\u274c' in position 0: character maps to <undefined>
 
=== DART 1000 ELEMENTS === 
ğŸš€âš¡ DART BLAZING FAST BENCHMARK SUITE âš¡ğŸš€

ğŸ“Š SYSTEM INFO:
   Dart Version: 3.8.1 (stable) (Wed May 28 00:47:25 2025 -0700) on "windows_x64"
   Platform: windows
   CPU Cores: 16
   Executable: C:\Users\User\Documents\flutter\bin\cache\dart-sdk\bin\dart.exe

Processing 1000000 users
Dart is optimized for both AOT and JIT compilation!

ğŸ—ï¸ Creating test data...
Data creation: 267ms

ğŸš€ Running benchmarks...

ğŸ“Š RESULTS:

ğŸ¥‡ Dart Parallel: 0.797ms (1.0x)
ğŸ¥ˆ Dart Unrolled: 1.824ms (0.4x)
ğŸ¥‰ Dart SoA Basic: 1.827ms (0.4x)
ğŸ”¸ Dart Typed Data: 1.847ms (0.4x)
ğŸ”¸ Dart AoS Basic: 4.427ms (0.2x)
ğŸ”¸ Dart AoS Functional: 5.160ms (0.2x)

ğŸ¯ DART PERFORMANCE INSIGHTS:
   â€¢ AOT compilation provides consistent performance
   â€¢ Typed data (Uint8List) is faster than generic lists
   â€¢ Loop unrolling helps with predictable access patterns
   â€¢ Isolates have overhead but scale well for large datasets
   â€¢ Sound null safety enables aggressive optimizations

âœ… Verification: All results match!
   Expected sum: 49500000
   Actual results: {49500000}

ğŸ† DART CHAMPION: Dart Parallel
âš¡ Best time: 0.797ms
ğŸš€ Elements per second: 1254705144

ğŸ“ Results saved to blazing_results_dart.txt

ğŸ‰ Dart benchmark complete!
 
=== R 1000 ELEMENTS === 
ğŸš€âš¡ R BLAZING FAST BENCHMARK SUITE âš¡ğŸš€

ğŸ“Š SYSTEM INFO:
   R Version: R version 4.5.1 (2025-06-13 ucrt) 
   Platform: x86_64-w64-mingw32 
   CPU Cores: 16 
   Memory: Inf GB limit
Warning message:
'memory.limit()' is no longer supported 

Processing 1e+06 users
R is optimized for vectorized operations!

ğŸ“Š Creating test data...
âœ… Test data created in 641.17 ms

ğŸš€ Running R benchmarks...

ğŸ”¥ Testing R DataFrame ...
   âŒ Error: $ operator is invalid for atomic vectors 

ğŸ”¥ Testing R Vectorized ...
   Result: 49.5 avg age
   Time: 2.174 ms

ğŸ”¥ Testing R Builtin Sum ...
   Result: 49.5 avg age
   Time: 2.169 ms

ğŸ”¥ Testing R ColSums ...
   Result: 49.5 avg age
   Time: 2.291 ms

ğŸ”¥ Testing R Loop (slow) ...
   Result: 49.5 avg age
   Time: 15.949 ms

ğŸ”¥ Testing R Apply ...
   Result: 49.5 avg age
   Time: 5.376 ms

ğŸ”¥ Testing R Reduce ...
   Result: 49.5 avg age
   Time: 271.759 ms

ğŸ”¥ Testing R data.table ...
   Result: 49.5 avg age
   Time: 4.471 ms

ğŸ”¥ Testing R Rcpp (C++) ...
Error in if (nzchar(cxx)) { : argument is of length zero
Calls: <Anonymous> -> .shlib_internal
Execution halted

WARNING: The tools required to build C++ code for R were not found.

Please download and install the appropriate version of Rtools:

http://cran.r-project.org/bin/windows/Rtools/

Error in if (nzchar(cxx)) { : argument is of length zero
Calls: <Anonymous> -> .shlib_internal
Execution halted

WARNING: The tools required to build C++ code for R were not found.

Please download and install the appropriate version of Rtools:

http://cran.r-project.org/bin/windows/Rtools/

   Result: 49.5 avg age
   Time: 905.337 ms

ğŸ”¥ Testing R Parallel ...
   Result: 49.5 avg age
   Time: 1100.833 ms

ğŸ“Š R PERFORMANCE COMPARISON:
====================================================================== 
Algorithm            Avg Age    Time (ms)    Speedup   
====================================================================== 
R Vectorized         49.5       2.174        Infx      
R Builtin Sum        49.5       2.169        Infx      
R ColSums            49.5       2.291        Infx      
R Loop (slow)        49.5       15.949       Infx      
R Apply              49.5       5.376        Infx      
R Reduce             49.5       271.759      Infx      
R data.table         49.5       4.471        Infx      
R Rcpp (C++)         49.5       905.337      Infx      
R Parallel           49.5       1100.833     Infx      
====================================================================== 

ğŸ†âš¡ ĞĞ‘Ğ¡ĞĞ›Ğ®Ğ¢ĞĞ«Ğ™ ĞŸĞĞ‘Ğ•Ğ”Ğ˜Ğ¢Ğ•Ğ›Ğ¬ R: R Builtin Sum 
    Ğ’Ñ€ĞµĞ¼Ñ: 2.169 ms
    Ğ£ÑĞºĞ¾Ñ€ĞµĞ½Ğ¸Ğµ: Inf x

ğŸ”¬ COMPARISON WITH OTHER LANGUAGES:
Rust QUANTUM: ~44.5Âµs (1M elements)
C++ ULTRA: ~86Âµs (1M elements)
Python SoA: ~2.58ms (1M elements)
R Best: 2.17 ms ( 1e+06 elements)

ğŸ’¾ Results written to: blazing_results_r.txt 
ğŸ¯ R OPTIMIZATION SUMMARY:
âœ… Vectorized operations: R's natural strength
âœ… Built-in sum(): Highly optimized C implementation
âœ… Matrix operations: ColSums for numerical data
âœ… data.table: High-performance data manipulation
âœ… Rcpp: C++ integration for maximum speed
âœ… Parallel computing: Built-in cluster support
âŒ Loops: Generally slow in R (use vectorization!)

ğŸ’¥ R BENCHMARK COMPLETE! ğŸ’¥
ğŸ“Š R Ğ¿Ğ¾ĞºĞ°Ğ·Ñ‹Ğ²Ğ°ĞµÑ‚ Ğ¾Ñ‚Ğ»Ğ¸Ñ‡Ğ½Ñ‹Ğµ Ñ€ĞµĞ·ÑƒĞ»ÑŒÑ‚Ğ°Ñ‚Ñ‹ Ğ´Ğ»Ñ ÑÑ‚Ğ°Ñ‚Ğ¸ÑÑ‚Ğ¸Ñ‡ĞµÑĞºĞ¸Ñ… Ğ²Ñ‹Ñ‡Ğ¸ÑĞ»ĞµĞ½Ğ¸Ğ¹! ğŸ“Šâš¡

ğŸš€ For BLAZING FAST R performance, consider:
   â€¢ data.table: install.packages('data.table')
   â€¢ Rcpp: install.packages('Rcpp')
   â€¢ parallel: built-in parallelization
   â€¢ Matrix operations: use vectorization!
 
=== ASSEMBLY 10000 ELEMENTS === 
ğŸš€âš¡ ASSEMBLY-LEVEL OPTIMIZED BENCHMARK SUITE âš¡ğŸš€

ğŸ“Š Testing with 10000 users...

ğŸ¯ ULTRA-OPTIMIZED PERFORMANCE TESTS:

ğŸ”¥ Testing C Basic...
   Result: 582679 in 0.002 ms
ğŸ”¥ Testing Ultra Unrolled 16x...
   Result: 582679 in 0.002 ms
ğŸ”¥ Testing Pointer Optimized...
   Result: 582679 in 0.003 ms
ğŸ”¥ Testing SSE2 SIMD Optimized...
   Result: 582679 in 0.000 ms
ğŸ”¥ Testing EXTREME Optimized...
   Result: 582679 in 0.001 ms

ğŸš€ PERFORMANCE ANALYSIS:

Ultra Unrolled vs Basic:  1.27x faster
Pointer vs Basic:         0.63x faster
SSE2 vs Basic:            4.75x faster
EXTREME vs Basic:         3.80x faster

âš¡ PERFORMANCE ESTIMATES:
C Basic:         ~0.190 ms/M elements
Ultra Unrolled:  ~0.150 ms/M elements
Pointer:         ~0.300 ms/M elements
SSE2:            ~0.040 ms/M elements
EXTREME:         ~0.050 ms/M elements

ğŸ† CHAMPION: SSE2 with 0.000 ms
ğŸ’¥ Assembly-level optimizations achieve maximum performance!
ğŸ¯ Expected performance: < 0.1ms for 1M elements

ğŸ”¥ COMPARISON WITH OTHER LANGUAGES:
Expected speedup vs standard C:   3-5x faster
Expected speedup vs Rust:         2-4x faster
Expected speedup vs Go:           10-20x faster
Expected speedup vs Python:       500-1000x faster
 
=== C 10000 ELEMENTS === 
ğŸš€âš¡ C BLAZING FAST BENCHMARK SUITE âš¡ğŸš€

ğŸ“Š SYSTEM INFO:
   Compiler: Clang Clang 12.0.0
   CPU Cores: 16
   Threads: 4
   AVX2 Support: No

Processing 10000 users
C provides maximum performance with manual optimization!

ğŸ—ï¸ Creating test data...
Data creation: 3ms

ğŸš€ Running benchmarks...

ğŸ“Š RESULTS:

ğŸ¥‡ C Unrolled: 0.001ms (1.0x)
ğŸ¥ˆ C AVX/SIMD: 0.001ms (1.0x)
ğŸ¥‰ C Pointer: 0.002ms (0.6x)
ğŸ”¸ C SoA Basic: 0.002ms (0.6x)
ğŸ”¸ C AoS Basic: 0.009ms (0.1x)
ğŸ”¸ C Threads Unrolled: 0.531ms (0.0x)
ğŸ”¸ C Threads: 0.556ms (0.0x)

ğŸ¯ C PERFORMANCE INSIGHTS:
   â€¢ Manual memory management eliminates GC overhead
   â€¢ SIMD intrinsics provide vectorized operations
   â€¢ Loop unrolling reduces branching overhead
   â€¢ pthread provides efficient multithreading
   â€¢ Cache-aligned data improves memory access
   â€¢ Compiler optimizations (-O3) are crucial

âœ… Verification: All results match!
   Expected sum: 495000
   Actual results: 495000

ğŸ† C CHAMPION: C Unrolled
âš¡ Best time: 0.001ms
ğŸš€ Elements per second: 8333332938

ğŸ“ Results saved to blazing_results_c.txt

ğŸ‰ C benchmark complete!
 
=== RUST 10000 ELEMENTS === 
User size: 40
User alignment: 8
Average age: 49
Elapsed time: 86.9556ms
Average age soa: 49
Elapsed time soa: 2.4696ms

ğŸ”¥ SIMD BLAZING FAST VERSION ğŸ”¥
Average age SIMD: 49
Elapsed time SIMD: 10.9553ms

âš¡ ULTRA FAST UNSAFE VERSION âš¡
Average age ULTRA: 49
Elapsed time ULTRA: 8.5397ms

ğŸŒŸ PARALLEL ULTRA VERSION ğŸŒŸ
Average age PARALLEL: 49
Elapsed time PARALLEL: 2.3146ms

ğŸ‘‘ GODLIKE VERSION (32-byte chunks) ğŸ‘‘
Average age GODLIKE: 49
Elapsed time GODLIKE: 4.8241ms

ğŸŒŒ QUANTUM VERSION (optimized for small arrays) ğŸŒŒ
Average age QUANTUM: 49
Elapsed time QUANTUM: 4.4776ms

ğŸ”¥ ASSEMBLY VERSION (inline asm) ğŸ”¥
Average age ASSEMBLY: 49
Elapsed time ASSEMBLY: 30.3931ms

ğŸŒŠ AVX2 FIXED VERSION (256-bit SIMD) ğŸŒŠ
Average age AVX2: 49
Elapsed time AVX2: 99.6252ms

âš¡ğŸŒŒâš¡ LUDICROUS SPEED VERSION (64-byte chunks) âš¡ğŸŒŒâš¡
Average age LUDICROUS: 49
Elapsed time LUDICROUS: 8.7339ms

ğŸš€âš¡ğŸš€ PARALLEL LUDICROUS VERSION (beyond time itself) ğŸš€âš¡ğŸš€
Average age PARALLEL LUDICROUS: 49
Elapsed time PARALLEL LUDICROUS: 2.4521ms

ğŸ”¥ğŸ”¥ğŸ”¥ JIT FIXED VERSION (pseudo-JIT) ğŸ”¥ğŸ”¥ğŸ”¥
Average age JIT FIXED: 49
Elapsed time JIT FIXED: 10.8964ms

ğŸ“Š PERFORMANCE COMPARISON:
Rust AoS (Array of Structs): 86.9556ms
Rust SoA (Struct of Arrays): 2.4696ms
Rust SIMD (Vectorized):      10.9553ms
Rust ULTRA (Unsafe):         8.5397ms
Rust PARALLEL (Multi-core):  2.3146ms
Rust GODLIKE (32-byte):       4.8241ms
Rust QUANTUM (Optimized):    4.4776ms
Rust ASSEMBLY (inline asm):  30.3931ms
Rust AVX2 FIXED (256-bit):   99.6252ms
Rust LUDICROUS (64-byte):     8.7339ms
Rust PAR_LUDICROUS (beyond):  2.4521ms
Rust JIT FIXED (pseudo):     10.8964ms

ğŸš„ ĞĞ•Ğ’Ğ«ĞĞĞ¡Ğ˜ĞœĞ«Ğ• Ğ£Ğ¡ĞšĞĞ Ğ•ĞĞ˜Ğ¯ vs AoS:
SIMD:          8x faster
ULTRA:         10x faster
PARALLEL:      38x faster
GODLIKE:       18x faster
QUANTUM:       19x faster
ASSEMBLY:      3x faster
AVX2 FIXED:    1x faster
LUDICROUS:     10x faster
PAR_LUDICROUS: 35x faster
JIT FIXED:     8x faster

ğŸ†ğŸš€âš¡ ĞĞ‘Ğ¡ĞĞ›Ğ®Ğ¢ĞĞ«Ğ™ ĞŸĞĞ‘Ğ•Ğ”Ğ˜Ğ¢Ğ•Ğ›Ğ¬: ğŸŒŸ PARALLEL with 2.3146ms! âš¡ğŸš€ğŸ†
ğŸ’¥ ĞĞ•Ğ’Ğ«ĞĞĞ¡Ğ˜ĞœĞĞ• Ğ£Ğ¡ĞšĞĞ Ğ•ĞĞ˜Ğ•: 38x Ğ±Ñ‹ÑÑ‚Ñ€ĞµĞµ Ğ±Ğ°Ğ·Ğ¾Ğ²Ğ¾Ğ¹ Ñ€ĞµĞ°Ğ»Ğ¸Ğ·Ğ°Ñ†Ğ¸Ğ¸!

ğŸš€ğŸ’¾ BLAZING FAST I/O DEMONSTRATION ğŸ’¾ğŸš€

âš¡ğŸ“Š ULTRA FAST PRINT (zero allocations):
PARALLEL: 49 - 2ms (37x faster)
SoA: 49 - 2ms (35x faster)
PAR_LUDICROUS: 49 - 2ms (35x faster)
Ultra fast print time: 6Âµs

ğŸš€ğŸ’¾ BUFFERED FILE WRITE:
Memory-mapped file write time: 432Âµs

ğŸš€ğŸ“ PARALLEL FILE WRITE:
Parallel file write time: 972.1Âµs

ğŸ¯ I/O OPTIMIZATION SUMMARY:
â€¢ Zero-allocation printing: Ğ¸Ğ·Ğ±ĞµĞ³Ğ°ĞµÑ‚ malloc/free
â€¢ Large buffers (64KB-1MB): Ğ¼Ğ¸Ğ½Ğ¸Ğ¼Ğ¸Ğ·Ğ¸Ñ€ÑƒĞµÑ‚ ÑĞ¸ÑÑ‚ĞµĞ¼Ğ½Ñ‹Ğµ Ğ²Ñ‹Ğ·Ğ¾Ğ²Ñ‹
â€¢ Memory-mapped I/O: bypass kernel buffers
â€¢ Parallel file writes: Ğ¸ÑĞ¿Ğ¾Ğ»ÑŒĞ·ÑƒĞµÑ‚ Ğ²ÑĞµ ÑĞ´Ñ€Ğ° Ğ´Ğ»Ñ I/O
â€¢ Stack-allocated formatting: Ğ½Ğ¸ĞºĞ°ĞºĞ¸Ñ… String Ğ°Ğ»Ğ»Ğ¾ĞºĞ°Ñ†Ğ¸Ğ¹

ğŸš€ Generated files: blazing_results.txt, blazing_results_0-3.txt
ğŸ’¥ I/O Ñ‚ĞµĞ¿ĞµÑ€ÑŒ Ñ‚Ğ¾Ğ¶Ğµ Ñ€Ğ°Ğ±Ğ¾Ñ‚Ğ°ĞµÑ‚ Ñ LUDICROUS SPEED! ğŸ’¥
 
=== GO 10000 ELEMENTS === 
ğŸš€âš¡ GO BLAZING FAST BENCHMARK SUITE âš¡ğŸš€

ğŸ“Š SYSTEM INFO:
   Go Version: go1.25.0
   Platform: windows/amd64
   CPU Cores: 16
   Goroutines: 1

Processing 1000000 users
Go is optimized for concurrency and simplicity!

ğŸ—ï¸ Creating test data...
Data creation: 150ms

ğŸš€ Running benchmarks...

ğŸ“Š RESULTS:

ğŸ¥‡ Go AoS Basic: 0.000ms (NaNx)
ğŸ¥ˆ Go SoA Basic: 0.000ms (NaNx)
ğŸ¥‰ Go Unrolled: 0.000ms (NaNx)
ğŸ”¸ Go Unsafe: 0.000ms (NaNx)
ğŸ”¸ Go Goroutines: 0.000ms (NaNx)
ğŸ”¸ Go Goroutines Unrolled: 0.000ms (NaNx)
ğŸ”¸ Go Channels: 0.000ms (NaNx)

ğŸ¯ GO PERFORMANCE INSIGHTS:
   â€¢ Goroutines provide excellent concurrency with low overhead
   â€¢ Loop unrolling improves performance on predictable data
   â€¢ Unsafe operations can provide C-like performance
   â€¢ Channels enable elegant CSP-style communication
   â€¢ Static compilation ensures consistent performance
   â€¢ Garbage collector is optimized for low latency

âœ… Verification: All results match!
   Expected sum: 49500000
   Actual results: {49500000}

ğŸ† GO CHAMPION: Go AoS Basic
âš¡ Best time: 0.000ms
ğŸš€ Elements per second: +Inf

ğŸ“ Results saved to blazing_results_go.txt

ğŸ‰ Go benchmark complete!
 
=== PYTHON 10000 ELEMENTS === 
Traceback (most recent call last):
  File "C:\Users\User\Desktop\blazing\blazing_python_main.py", line 28, in <module>
    import numpy as np
ModuleNotFoundError: No module named 'numpy'

During handling of the above exception, another exception occurred:

Traceback (most recent call last):
  File "C:\Users\User\Desktop\blazing\blazing_python_main.py", line 32, in <module>
    print("\u274c NumPy not available")
    ~~~~~^^^^^^^^^^^^^^^^^^^^^^^^^^
  File "C:\Users\User\AppData\Local\Programs\Python\Python313\Lib\encodings\cp1251.py", line 19, in encode
    return codecs.charmap_encode(input,self.errors,encoding_table)[0]
           ~~~~~~~~~~~~~~~~~~~~~^^^^^^^^^^^^^^^^^^^^^^^^^^^^^^^^^^
UnicodeEncodeError: 'charmap' codec can't encode character '\u274c' in position 0: character maps to <undefined>
 
=== DART 10000 ELEMENTS === 
ğŸš€âš¡ DART BLAZING FAST BENCHMARK SUITE âš¡ğŸš€

ğŸ“Š SYSTEM INFO:
   Dart Version: 3.8.1 (stable) (Wed May 28 00:47:25 2025 -0700) on "windows_x64"
   Platform: windows
   CPU Cores: 16
   Executable: C:\Users\User\Documents\flutter\bin\cache\dart-sdk\bin\dart.exe

Processing 1000000 users
Dart is optimized for both AOT and JIT compilation!

ğŸ—ï¸ Creating test data...
Data creation: 304ms

ğŸš€ Running benchmarks...

ğŸ“Š RESULTS:

ğŸ¥‡ Dart Parallel: 1.074ms (1.0x)
ğŸ¥ˆ Dart Unrolled: 1.803ms (0.6x)
ğŸ¥‰ Dart SoA Basic: 2.618ms (0.4x)
ğŸ”¸ Dart Typed Data: 2.843ms (0.4x)
ğŸ”¸ Dart AoS Functional: 6.324ms (0.2x)
ğŸ”¸ Dart AoS Basic: 8.267ms (0.1x)

ğŸ¯ DART PERFORMANCE INSIGHTS:
   â€¢ AOT compilation provides consistent performance
   â€¢ Typed data (Uint8List) is faster than generic lists
   â€¢ Loop unrolling helps with predictable access patterns
   â€¢ Isolates have overhead but scale well for large datasets
   â€¢ Sound null safety enables aggressive optimizations

âœ… Verification: All results match!
   Expected sum: 49500000
   Actual results: {49500000}

ğŸ† DART CHAMPION: Dart Parallel
âš¡ Best time: 1.074ms
ğŸš€ Elements per second: 931098696

ğŸ“ Results saved to blazing_results_dart.txt

ğŸ‰ Dart benchmark complete!
 
=== R 10000 ELEMENTS === 
ğŸš€âš¡ R BLAZING FAST BENCHMARK SUITE âš¡ğŸš€

ğŸ“Š SYSTEM INFO:
   R Version: R version 4.5.1 (2025-06-13 ucrt) 
   Platform: x86_64-w64-mingw32 
   CPU Cores: 16 
   Memory: Inf GB limit
Warning message:
'memory.limit()' is no longer supported 

Processing 1e+06 users
R is optimized for vectorized operations!

ğŸ“Š Creating test data...
âœ… Test data created in 619.28 ms

ğŸš€ Running R benchmarks...

ğŸ”¥ Testing R DataFrame ...
   âŒ Error: $ operator is invalid for atomic vectors 

ğŸ”¥ Testing R Vectorized ...
   Result: 49.5 avg age
   Time: 2.592 ms

ğŸ”¥ Testing R Builtin Sum ...
   Result: 49.5 avg age
   Time: 2.328 ms

ğŸ”¥ Testing R ColSums ...
   Result: 49.5 avg age
   Time: 2.205 ms

ğŸ”¥ Testing R Loop (slow) ...
   Result: 49.5 avg age
   Time: 17.133 ms

ğŸ”¥ Testing R Apply ...
   Result: 49.5 avg age
   Time: 5.463 ms

ğŸ”¥ Testing R Reduce ...
   Result: 49.5 avg age
   Time: 275.548 ms

ğŸ”¥ Testing R data.table ...
   Result: 49.5 avg age
   Time: 4.227 ms

ğŸ”¥ Testing R Rcpp (C++) ...
Error in if (nzchar(cxx)) { : argument is of length zero
Calls: <Anonymous> -> .shlib_internal
Execution halted

WARNING: The tools required to build C++ code for R were not found.

Please download and install the appropriate version of Rtools:

http://cran.r-project.org/bin/windows/Rtools/

Error in if (nzchar(cxx)) { : argument is of length zero
Calls: <Anonymous> -> .shlib_internal
Execution halted

WARNING: The tools required to build C++ code for R were not found.

Please download and install the appropriate version of Rtools:

http://cran.r-project.org/bin/windows/Rtools/

   Result: 49.5 avg age
   Time: 921.357 ms

ğŸ”¥ Testing R Parallel ...
   Result: 49.5 avg age
   Time: 1102.291 ms

ğŸ“Š R PERFORMANCE COMPARISON:
====================================================================== 
Algorithm            Avg Age    Time (ms)    Speedup   
====================================================================== 
R Vectorized         49.5       2.592        Infx      
R Builtin Sum        49.5       2.328        Infx      
R ColSums            49.5       2.205        Infx      
R Loop (slow)        49.5       17.133       Infx      
R Apply              49.5       5.463        Infx      
R Reduce             49.5       275.548      Infx      
R data.table         49.5       4.227        Infx      
R Rcpp (C++)         49.5       921.357      Infx      
R Parallel           49.5       1102.291     Infx      
====================================================================== 

ğŸ†âš¡ ĞĞ‘Ğ¡ĞĞ›Ğ®Ğ¢ĞĞ«Ğ™ ĞŸĞĞ‘Ğ•Ğ”Ğ˜Ğ¢Ğ•Ğ›Ğ¬ R: R ColSums 
    Ğ’Ñ€ĞµĞ¼Ñ: 2.205 ms
    Ğ£ÑĞºĞ¾Ñ€ĞµĞ½Ğ¸Ğµ: Inf x

ğŸ”¬ COMPARISON WITH OTHER LANGUAGES:
Rust QUANTUM: ~44.5Âµs (1M elements)
C++ ULTRA: ~86Âµs (1M elements)
Python SoA: ~2.58ms (1M elements)
R Best: 2.2 ms ( 1e+06 elements)

ğŸ’¾ Results written to: blazing_results_r.txt 
ğŸ¯ R OPTIMIZATION SUMMARY:
âœ… Vectorized operations: R's natural strength
âœ… Built-in sum(): Highly optimized C implementation
âœ… Matrix operations: ColSums for numerical data
âœ… data.table: High-performance data manipulation
âœ… Rcpp: C++ integration for maximum speed
âœ… Parallel computing: Built-in cluster support
âŒ Loops: Generally slow in R (use vectorization!)

ğŸ’¥ R BENCHMARK COMPLETE! ğŸ’¥
ğŸ“Š R Ğ¿Ğ¾ĞºĞ°Ğ·Ñ‹Ğ²Ğ°ĞµÑ‚ Ğ¾Ñ‚Ğ»Ğ¸Ñ‡Ğ½Ñ‹Ğµ Ñ€ĞµĞ·ÑƒĞ»ÑŒÑ‚Ğ°Ñ‚Ñ‹ Ğ´Ğ»Ñ ÑÑ‚Ğ°Ñ‚Ğ¸ÑÑ‚Ğ¸Ñ‡ĞµÑĞºĞ¸Ñ… Ğ²Ñ‹Ñ‡Ğ¸ÑĞ»ĞµĞ½Ğ¸Ğ¹! ğŸ“Šâš¡

ğŸš€ For BLAZING FAST R performance, consider:
   â€¢ data.table: install.packages('data.table')
   â€¢ Rcpp: install.packages('Rcpp')
   â€¢ parallel: built-in parallelization
   â€¢ Matrix operations: use vectorization!
 
=== ASSEMBLY 100000 ELEMENTS === 
ğŸš€âš¡ ASSEMBLY-LEVEL OPTIMIZED BENCHMARK SUITE âš¡ğŸš€

ğŸ“Š Testing with 100000 users...

ğŸ¯ ULTRA-OPTIMIZED PERFORMANCE TESTS:

ğŸ”¥ Testing C Basic...
   Result: 5847706 in 0.007 ms
ğŸ”¥ Testing Ultra Unrolled 16x...
   Result: 5847706 in 0.015 ms
ğŸ”¥ Testing Pointer Optimized...
   Result: 5847706 in 0.012 ms
ğŸ”¥ Testing SSE2 SIMD Optimized...
   Result: 5847706 in 0.004 ms
ğŸ”¥ Testing EXTREME Optimized...
   Result: 5847706 in 0.004 ms

ğŸš€ PERFORMANCE ANALYSIS:

Ultra Unrolled vs Basic:  0.48x faster
Pointer vs Basic:         0.58x faster
SSE2 vs Basic:            1.75x faster
EXTREME vs Basic:         1.71x faster

âš¡ PERFORMANCE ESTIMATES:
C Basic:         ~0.070 ms/M elements
Ultra Unrolled:  ~0.146 ms/M elements
Pointer:         ~0.120 ms/M elements
SSE2:            ~0.040 ms/M elements
EXTREME:         ~0.041 ms/M elements

ğŸ† CHAMPION: SSE2 with 0.004 ms
ğŸ’¥ Assembly-level optimizations achieve maximum performance!
ğŸ¯ Expected performance: < 0.1ms for 1M elements

ğŸ”¥ COMPARISON WITH OTHER LANGUAGES:
Expected speedup vs standard C:   3-5x faster
Expected speedup vs Rust:         2-4x faster
Expected speedup vs Go:           10-20x faster
Expected speedup vs Python:       500-1000x faster
 
=== C 100000 ELEMENTS === 
ğŸš€âš¡ C BLAZING FAST BENCHMARK SUITE âš¡ğŸš€

ğŸ“Š SYSTEM INFO:
   Compiler: Clang Clang 12.0.0
   CPU Cores: 16
   Threads: 4
   AVX2 Support: No

Processing 100000 users
C provides maximum performance with manual optimization!

ğŸ—ï¸ Creating test data...
Data creation: 30ms

ğŸš€ Running benchmarks...

ğŸ“Š RESULTS:

ğŸ¥‡ C AVX/SIMD: 0.011ms (1.0x)
ğŸ¥ˆ C Unrolled: 0.012ms (1.0x)
ğŸ¥‰ C Pointer: 0.021ms (0.6x)
ğŸ”¸ C SoA Basic: 0.021ms (0.5x)
ğŸ”¸ C AoS Basic: 0.104ms (0.1x)
ğŸ”¸ C Threads Unrolled: 0.486ms (0.0x)
ğŸ”¸ C Threads: 0.610ms (0.0x)

ğŸ¯ C PERFORMANCE INSIGHTS:
   â€¢ Manual memory management eliminates GC overhead
   â€¢ SIMD intrinsics provide vectorized operations
   â€¢ Loop unrolling reduces branching overhead
   â€¢ pthread provides efficient multithreading
   â€¢ Cache-aligned data improves memory access
   â€¢ Compiler optimizations (-O3) are crucial

âœ… Verification: All results match!
   Expected sum: 4950000
   Actual results: 4950000

ğŸ† C CHAMPION: C AVX/SIMD
âš¡ Best time: 0.011ms
ğŸš€ Elements per second: 8771929856

ğŸ“ Results saved to blazing_results_c.txt

ğŸ‰ C benchmark complete!
 
=== RUST 100000 ELEMENTS === 
User size: 40
User alignment: 8
Average age: 49
Elapsed time: 91.0809ms
Average age soa: 49
Elapsed time soa: 2.6514ms

ğŸ”¥ SIMD BLAZING FAST VERSION ğŸ”¥
Average age SIMD: 49
Elapsed time SIMD: 11.52ms

âš¡ ULTRA FAST UNSAFE VERSION âš¡
Average age ULTRA: 49
Elapsed time ULTRA: 8.6788ms

ğŸŒŸ PARALLEL ULTRA VERSION ğŸŒŸ
Average age PARALLEL: 49
Elapsed time PARALLEL: 2.2755ms

ğŸ‘‘ GODLIKE VERSION (32-byte chunks) ğŸ‘‘
Average age GODLIKE: 49
Elapsed time GODLIKE: 5.4448ms

ğŸŒŒ QUANTUM VERSION (optimized for small arrays) ğŸŒŒ
Average age QUANTUM: 49
Elapsed time QUANTUM: 5.3762ms

ğŸ”¥ ASSEMBLY VERSION (inline asm) ğŸ”¥
Average age ASSEMBLY: 49
Elapsed time ASSEMBLY: 32.8921ms

ğŸŒŠ AVX2 FIXED VERSION (256-bit SIMD) ğŸŒŠ
Average age AVX2: 49
Elapsed time AVX2: 106.9074ms

âš¡ğŸŒŒâš¡ LUDICROUS SPEED VERSION (64-byte chunks) âš¡ğŸŒŒâš¡
Average age LUDICROUS: 49
Elapsed time LUDICROUS: 9.2846ms

ğŸš€âš¡ğŸš€ PARALLEL LUDICROUS VERSION (beyond time itself) ğŸš€âš¡ğŸš€
Average age PARALLEL LUDICROUS: 49
Elapsed time PARALLEL LUDICROUS: 2.3299ms

ğŸ”¥ğŸ”¥ğŸ”¥ JIT FIXED VERSION (pseudo-JIT) ğŸ”¥ğŸ”¥ğŸ”¥
Average age JIT FIXED: 49
Elapsed time JIT FIXED: 11.4475ms

ğŸ“Š PERFORMANCE COMPARISON:
Rust AoS (Array of Structs): 91.0809ms
Rust SoA (Struct of Arrays): 2.6514ms
Rust SIMD (Vectorized):      11.52ms
Rust ULTRA (Unsafe):         8.6788ms
Rust PARALLEL (Multi-core):  2.2755ms
Rust GODLIKE (32-byte):       5.4448ms
Rust QUANTUM (Optimized):    5.3762ms
Rust ASSEMBLY (inline asm):  32.8921ms
Rust AVX2 FIXED (256-bit):   106.9074ms
Rust LUDICROUS (64-byte):     9.2846ms
Rust PAR_LUDICROUS (beyond):  2.3299ms
Rust JIT FIXED (pseudo):     11.4475ms

ğŸš„ ĞĞ•Ğ’Ğ«ĞĞĞ¡Ğ˜ĞœĞ«Ğ• Ğ£Ğ¡ĞšĞĞ Ğ•ĞĞ˜Ğ¯ vs AoS:
SIMD:          8x faster
ULTRA:         10x faster
PARALLEL:      40x faster
GODLIKE:       17x faster
QUANTUM:       17x faster
ASSEMBLY:      3x faster
AVX2 FIXED:    1x faster
LUDICROUS:     10x faster
PAR_LUDICROUS: 39x faster
JIT FIXED:     8x faster

ğŸ†ğŸš€âš¡ ĞĞ‘Ğ¡ĞĞ›Ğ®Ğ¢ĞĞ«Ğ™ ĞŸĞĞ‘Ğ•Ğ”Ğ˜Ğ¢Ğ•Ğ›Ğ¬: ğŸŒŸ PARALLEL with 2.2755ms! âš¡ğŸš€ğŸ†
ğŸ’¥ ĞĞ•Ğ’Ğ«ĞĞĞ¡Ğ˜ĞœĞĞ• Ğ£Ğ¡ĞšĞĞ Ğ•ĞĞ˜Ğ•: 40x Ğ±Ñ‹ÑÑ‚Ñ€ĞµĞµ Ğ±Ğ°Ğ·Ğ¾Ğ²Ğ¾Ğ¹ Ñ€ĞµĞ°Ğ»Ğ¸Ğ·Ğ°Ñ†Ğ¸Ğ¸!

ğŸš€ğŸ’¾ BLAZING FAST I/O DEMONSTRATION ğŸ’¾ğŸš€

âš¡ğŸ“Š ULTRA FAST PRINT (zero allocations):
PARALLEL: 49 - 2ms (40x faster)
SoA: 49 - 2ms (34x faster)
PAR_LUDICROUS: 49 - 2ms (39x faster)
Ultra fast print time: 6.7Âµs

ğŸš€ğŸ’¾ BUFFERED FILE WRITE:
Memory-mapped file write time: 403.3Âµs

ğŸš€ğŸ“ PARALLEL FILE WRITE:
Parallel file write time: 1.4455ms

ğŸ¯ I/O OPTIMIZATION SUMMARY:
â€¢ Zero-allocation printing: Ğ¸Ğ·Ğ±ĞµĞ³Ğ°ĞµÑ‚ malloc/free
â€¢ Large buffers (64KB-1MB): Ğ¼Ğ¸Ğ½Ğ¸Ğ¼Ğ¸Ğ·Ğ¸Ñ€ÑƒĞµÑ‚ ÑĞ¸ÑÑ‚ĞµĞ¼Ğ½Ñ‹Ğµ Ğ²Ñ‹Ğ·Ğ¾Ğ²Ñ‹
â€¢ Memory-mapped I/O: bypass kernel buffers
â€¢ Parallel file writes: Ğ¸ÑĞ¿Ğ¾Ğ»ÑŒĞ·ÑƒĞµÑ‚ Ğ²ÑĞµ ÑĞ´Ñ€Ğ° Ğ´Ğ»Ñ I/O
â€¢ Stack-allocated formatting: Ğ½Ğ¸ĞºĞ°ĞºĞ¸Ñ… String Ğ°Ğ»Ğ»Ğ¾ĞºĞ°Ñ†Ğ¸Ğ¹

ğŸš€ Generated files: blazing_results.txt, blazing_results_0-3.txt
ğŸ’¥ I/O Ñ‚ĞµĞ¿ĞµÑ€ÑŒ Ñ‚Ğ¾Ğ¶Ğµ Ñ€Ğ°Ğ±Ğ¾Ñ‚Ğ°ĞµÑ‚ Ñ LUDICROUS SPEED! ğŸ’¥
 
=== GO 100000 ELEMENTS === 
ğŸš€âš¡ GO BLAZING FAST BENCHMARK SUITE âš¡ğŸš€

ğŸ“Š SYSTEM INFO:
   Go Version: go1.25.0
   Platform: windows/amd64
   CPU Cores: 16
   Goroutines: 1

Processing 1000000 users
Go is optimized for concurrency and simplicity!

ğŸ—ï¸ Creating test data...
Data creation: 136ms

ğŸš€ Running benchmarks...

ğŸ“Š RESULTS:

ğŸ¥‡ Go SoA Basic: 0.000ms (NaNx)
ğŸ¥ˆ Go Unrolled: 0.000ms (NaNx)
ğŸ¥‰ Go Unsafe: 0.000ms (NaNx)
ğŸ”¸ Go Goroutines: 0.000ms (NaNx)
ğŸ”¸ Go Goroutines Unrolled: 0.000ms (NaNx)
ğŸ”¸ Go Channels: 0.000ms (NaNx)
ğŸ”¸ Go AoS Basic: 6.481ms (0.0x)

ğŸ¯ GO PERFORMANCE INSIGHTS:
   â€¢ Goroutines provide excellent concurrency with low overhead
   â€¢ Loop unrolling improves performance on predictable data
   â€¢ Unsafe operations can provide C-like performance
   â€¢ Channels enable elegant CSP-style communication
   â€¢ Static compilation ensures consistent performance
   â€¢ Garbage collector is optimized for low latency

âœ… Verification: All results match!
   Expected sum: 49500000
   Actual results: {49500000}

ğŸ† GO CHAMPION: Go SoA Basic
âš¡ Best time: 0.000ms
ğŸš€ Elements per second: +Inf

ğŸ“ Results saved to blazing_results_go.txt

ğŸ‰ Go benchmark complete!
 
=== PYTHON 100000 ELEMENTS === 
Traceback (most recent call last):
  File "C:\Users\User\Desktop\blazing\blazing_python_main.py", line 28, in <module>
    import numpy as np
ModuleNotFoundError: No module named 'numpy'

During handling of the above exception, another exception occurred:

Traceback (most recent call last):
  File "C:\Users\User\Desktop\blazing\blazing_python_main.py", line 32, in <module>
    print("\u274c NumPy not available")
    ~~~~~^^^^^^^^^^^^^^^^^^^^^^^^^^
  File "C:\Users\User\AppData\Local\Programs\Python\Python313\Lib\encodings\cp1251.py", line 19, in encode
    return codecs.charmap_encode(input,self.errors,encoding_table)[0]
           ~~~~~~~~~~~~~~~~~~~~~^^^^^^^^^^^^^^^^^^^^^^^^^^^^^^^^^^
UnicodeEncodeError: 'charmap' codec can't encode character '\u274c' in position 0: character maps to <undefined>
 
=== DART 100000 ELEMENTS === 
ğŸš€âš¡ DART BLAZING FAST BENCHMARK SUITE âš¡ğŸš€

ğŸ“Š SYSTEM INFO:
   Dart Version: 3.8.1 (stable) (Wed May 28 00:47:25 2025 -0700) on "windows_x64"
   Platform: windows
   CPU Cores: 16
   Executable: C:\Users\User\Documents\flutter\bin\cache\dart-sdk\bin\dart.exe

Processing 1000000 users
Dart is optimized for both AOT and JIT compilation!

ğŸ—ï¸ Creating test data...
Data creation: 285ms

ğŸš€ Running benchmarks...

ğŸ“Š RESULTS:

ğŸ¥‡ Dart Parallel: 1.034ms (1.0x)
ğŸ¥ˆ Dart Unrolled: 1.321ms (0.8x)
ğŸ¥‰ Dart Typed Data: 1.351ms (0.8x)
ğŸ”¸ Dart SoA Basic: 1.357ms (0.8x)
ğŸ”¸ Dart AoS Functional: 5.022ms (0.2x)
ğŸ”¸ Dart AoS Basic: 5.228ms (0.2x)

ğŸ¯ DART PERFORMANCE INSIGHTS:
   â€¢ AOT compilation provides consistent performance
   â€¢ Typed data (Uint8List) is faster than generic lists
   â€¢ Loop unrolling helps with predictable access patterns
   â€¢ Isolates have overhead but scale well for large datasets
   â€¢ Sound null safety enables aggressive optimizations

âœ… Verification: All results match!
   Expected sum: 49500000
   Actual results: {49500000}

ğŸ† DART CHAMPION: Dart Parallel
âš¡ Best time: 1.034ms
ğŸš€ Elements per second: 967117988

ğŸ“ Results saved to blazing_results_dart.txt

ğŸ‰ Dart benchmark complete!
 
=== R 100000 ELEMENTS === 
ğŸš€âš¡ R BLAZING FAST BENCHMARK SUITE âš¡ğŸš€

ğŸ“Š SYSTEM INFO:
   R Version: R version 4.5.1 (2025-06-13 ucrt) 
   Platform: x86_64-w64-mingw32 
   CPU Cores: 16 
   Memory: Inf GB limit
Warning message:
'memory.limit()' is no longer supported 

Processing 1e+06 users
R is optimized for vectorized operations!

ğŸ“Š Creating test data...
âœ… Test data created in 614.72 ms

ğŸš€ Running R benchmarks...

ğŸ”¥ Testing R DataFrame ...
   âŒ Error: $ operator is invalid for atomic vectors 

ğŸ”¥ Testing R Vectorized ...
   Result: 49.5 avg age
   Time: 2.524 ms

ğŸ”¥ Testing R Builtin Sum ...
   Result: 49.5 avg age
   Time: 2.218 ms

ğŸ”¥ Testing R ColSums ...
   Result: 49.5 avg age
   Time: 2.226 ms

ğŸ”¥ Testing R Loop (slow) ...
   Result: 49.5 avg age
   Time: 16.79 ms

ğŸ”¥ Testing R Apply ...
   Result: 49.5 avg age
   Time: 5.04 ms

ğŸ”¥ Testing R Reduce ...
   Result: 49.5 avg age
   Time: 269.586 ms

ğŸ”¥ Testing R data.table ...
   Result: 49.5 avg age
   Time: 4.828 ms

ğŸ”¥ Testing R Rcpp (C++) ...
Error in if (nzchar(cxx)) { : argument is of length zero
Calls: <Anonymous> -> .shlib_internal
Execution halted

WARNING: The tools required to build C++ code for R were not found.

Please download and install the appropriate version of Rtools:

http://cran.r-project.org/bin/windows/Rtools/

Error in if (nzchar(cxx)) { : argument is of length zero
Calls: <Anonymous> -> .shlib_internal
Execution halted

WARNING: The tools required to build C++ code for R were not found.

Please download and install the appropriate version of Rtools:

http://cran.r-project.org/bin/windows/Rtools/

   Result: 49.5 avg age
   Time: 899.319 ms

ğŸ”¥ Testing R Parallel ...
   Result: 49.5 avg age
   Time: 1116.675 ms

ğŸ“Š R PERFORMANCE COMPARISON:
====================================================================== 
Algorithm            Avg Age    Time (ms)    Speedup   
====================================================================== 
R Vectorized         49.5       2.524        Infx      
R Builtin Sum        49.5       2.218        Infx      
R ColSums            49.5       2.226        Infx      
R Loop (slow)        49.5       16.790       Infx      
R Apply              49.5       5.040        Infx      
R Reduce             49.5       269.586      Infx      
R data.table         49.5       4.828        Infx      
R Rcpp (C++)         49.5       899.319      Infx      
R Parallel           49.5       1116.675     Infx      
====================================================================== 

ğŸ†âš¡ ĞĞ‘Ğ¡ĞĞ›Ğ®Ğ¢ĞĞ«Ğ™ ĞŸĞĞ‘Ğ•Ğ”Ğ˜Ğ¢Ğ•Ğ›Ğ¬ R: R Builtin Sum 
    Ğ’Ñ€ĞµĞ¼Ñ: 2.218 ms
    Ğ£ÑĞºĞ¾Ñ€ĞµĞ½Ğ¸Ğµ: Inf x

ğŸ”¬ COMPARISON WITH OTHER LANGUAGES:
Rust QUANTUM: ~44.5Âµs (1M elements)
C++ ULTRA: ~86Âµs (1M elements)
Python SoA: ~2.58ms (1M elements)
R Best: 2.22 ms ( 1e+06 elements)

ğŸ’¾ Results written to: blazing_results_r.txt 
ğŸ¯ R OPTIMIZATION SUMMARY:
âœ… Vectorized operations: R's natural strength
âœ… Built-in sum(): Highly optimized C implementation
âœ… Matrix operations: ColSums for numerical data
âœ… data.table: High-performance data manipulation
âœ… Rcpp: C++ integration for maximum speed
âœ… Parallel computing: Built-in cluster support
âŒ Loops: Generally slow in R (use vectorization!)

ğŸ’¥ R BENCHMARK COMPLETE! ğŸ’¥
ğŸ“Š R Ğ¿Ğ¾ĞºĞ°Ğ·Ñ‹Ğ²Ğ°ĞµÑ‚ Ğ¾Ñ‚Ğ»Ğ¸Ñ‡Ğ½Ñ‹Ğµ Ñ€ĞµĞ·ÑƒĞ»ÑŒÑ‚Ğ°Ñ‚Ñ‹ Ğ´Ğ»Ñ ÑÑ‚Ğ°Ñ‚Ğ¸ÑÑ‚Ğ¸Ñ‡ĞµÑĞºĞ¸Ñ… Ğ²Ñ‹Ñ‡Ğ¸ÑĞ»ĞµĞ½Ğ¸Ğ¹! ğŸ“Šâš¡

ğŸš€ For BLAZING FAST R performance, consider:
   â€¢ data.table: install.packages('data.table')
   â€¢ Rcpp: install.packages('Rcpp')
   â€¢ parallel: built-in parallelization
   â€¢ Matrix operations: use vectorization!
 
=== ASSEMBLY 1000000 ELEMENTS === 
ğŸš€âš¡ ASSEMBLY-LEVEL OPTIMIZED BENCHMARK SUITE âš¡ğŸš€

ğŸ“Š Testing with 1000000 users...

ğŸ¯ ULTRA-OPTIMIZED PERFORMANCE TESTS:

ğŸ”¥ Testing C Basic...
   Result: 58476486 in 0.081 ms
ğŸ”¥ Testing Ultra Unrolled 16x...
   Result: 58476486 in 0.149 ms
ğŸ”¥ Testing Pointer Optimized...
   Result: 58476486 in 0.083 ms
ğŸ”¥ Testing SSE2 SIMD Optimized...
   Result: 58476486 in 0.048 ms
ğŸ”¥ Testing EXTREME Optimized...
   Result: 58476486 in 0.045 ms

ğŸš€ PERFORMANCE ANALYSIS:

Ultra Unrolled vs Basic:  0.55x faster
Pointer vs Basic:         0.98x faster
SSE2 vs Basic:            1.70x faster
EXTREME vs Basic:         1.82x faster

âš¡ PERFORMANCE ESTIMATES:
C Basic:         ~0.081 ms/M elements
Ultra Unrolled:  ~0.149 ms/M elements
Pointer:         ~0.083 ms/M elements
SSE2:            ~0.048 ms/M elements
EXTREME:         ~0.045 ms/M elements

ğŸ† CHAMPION: EXTREME with 0.045 ms
ğŸ’¥ Assembly-level optimizations achieve maximum performance!
ğŸ¯ Expected performance: < 0.1ms for 1M elements

ğŸ”¥ COMPARISON WITH OTHER LANGUAGES:
Expected speedup vs standard C:   3-5x faster
Expected speedup vs Rust:         2-4x faster
Expected speedup vs Go:           10-20x faster
Expected speedup vs Python:       500-1000x faster
 
=== C 1000000 ELEMENTS === 
ğŸš€âš¡ C BLAZING FAST BENCHMARK SUITE âš¡ğŸš€

ğŸ“Š SYSTEM INFO:
   Compiler: Clang Clang 12.0.0
   CPU Cores: 16
   Threads: 4
   AVX2 Support: No

Processing 1000000 users
C provides maximum performance with manual optimization!

ğŸ—ï¸ Creating test data...
Data creation: 311ms

ğŸš€ Running benchmarks...

ğŸ“Š RESULTS:

ğŸ¥‡ C Unrolled: 0.113ms (1.0x)
ğŸ¥ˆ C AVX/SIMD: 0.116ms (1.0x)
ğŸ¥‰ C Pointer: 0.208ms (0.5x)
ğŸ”¸ C SoA Basic: 0.209ms (0.5x)
ğŸ”¸ C Threads Unrolled: 0.572ms (0.2x)
ğŸ”¸ C Threads: 0.721ms (0.2x)
ğŸ”¸ C AoS Basic: 0.967ms (0.1x)

ğŸ¯ C PERFORMANCE INSIGHTS:
   â€¢ Manual memory management eliminates GC overhead
   â€¢ SIMD intrinsics provide vectorized operations
   â€¢ Loop unrolling reduces branching overhead
   â€¢ pthread provides efficient multithreading
   â€¢ Cache-aligned data improves memory access
   â€¢ Compiler optimizations (-O3) are crucial

âœ… Verification: All results match!
   Expected sum: 49500000
   Actual results: 49500000

ğŸ† C CHAMPION: C Unrolled
âš¡ Best time: 0.113ms
ğŸš€ Elements per second: 8818342149

ğŸ“ Results saved to blazing_results_c.txt

ğŸ‰ C benchmark complete!
 
=== RUST 1000000 ELEMENTS === 
User size: 40
User alignment: 8
Average age: 49
Elapsed time: 92.5725ms
Average age soa: 49
Elapsed time soa: 2.9434ms

ğŸ”¥ SIMD BLAZING FAST VERSION ğŸ”¥
Average age SIMD: 49
Elapsed time SIMD: 11.2912ms

âš¡ ULTRA FAST UNSAFE VERSION âš¡
Average age ULTRA: 49
Elapsed time ULTRA: 8.8642ms

ğŸŒŸ PARALLEL ULTRA VERSION ğŸŒŸ
Average age PARALLEL: 49
Elapsed time PARALLEL: 2.7582ms

ğŸ‘‘ GODLIKE VERSION (32-byte chunks) ğŸ‘‘
Average age GODLIKE: 49
Elapsed time GODLIKE: 5.198ms

ğŸŒŒ QUANTUM VERSION (optimized for small arrays) ğŸŒŒ
Average age QUANTUM: 49
Elapsed time QUANTUM: 5.5177ms

ğŸ”¥ ASSEMBLY VERSION (inline asm) ğŸ”¥
Average age ASSEMBLY: 49
Elapsed time ASSEMBLY: 32.9616ms

ğŸŒŠ AVX2 FIXED VERSION (256-bit SIMD) ğŸŒŠ
Average age AVX2: 49
Elapsed time AVX2: 106.8995ms

âš¡ğŸŒŒâš¡ LUDICROUS SPEED VERSION (64-byte chunks) âš¡ğŸŒŒâš¡
Average age LUDICROUS: 49
Elapsed time LUDICROUS: 9.2724ms

ğŸš€âš¡ğŸš€ PARALLEL LUDICROUS VERSION (beyond time itself) ğŸš€âš¡ğŸš€
Average age PARALLEL LUDICROUS: 49
Elapsed time PARALLEL LUDICROUS: 2.3051ms

ğŸ”¥ğŸ”¥ğŸ”¥ JIT FIXED VERSION (pseudo-JIT) ğŸ”¥ğŸ”¥ğŸ”¥
Average age JIT FIXED: 49
Elapsed time JIT FIXED: 11.1294ms

ğŸ“Š PERFORMANCE COMPARISON:
Rust AoS (Array of Structs): 92.5725ms
Rust SoA (Struct of Arrays): 2.9434ms
Rust SIMD (Vectorized):      11.2912ms
Rust ULTRA (Unsafe):         8.8642ms
Rust PARALLEL (Multi-core):  2.7582ms
Rust GODLIKE (32-byte):       5.198ms
Rust QUANTUM (Optimized):    5.5177ms
Rust ASSEMBLY (inline asm):  32.9616ms
Rust AVX2 FIXED (256-bit):   106.8995ms
Rust LUDICROUS (64-byte):     9.2724ms
Rust PAR_LUDICROUS (beyond):  2.3051ms
Rust JIT FIXED (pseudo):     11.1294ms

ğŸš„ ĞĞ•Ğ’Ğ«ĞĞĞ¡Ğ˜ĞœĞ«Ğ• Ğ£Ğ¡ĞšĞĞ Ğ•ĞĞ˜Ğ¯ vs AoS:
SIMD:          8x faster
ULTRA:         10x faster
PARALLEL:      34x faster
GODLIKE:       18x faster
QUANTUM:       17x faster
ASSEMBLY:      3x faster
AVX2 FIXED:    1x faster
LUDICROUS:     10x faster
PAR_LUDICROUS: 40x faster
JIT FIXED:     8x faster

ğŸ†ğŸš€âš¡ ĞĞ‘Ğ¡ĞĞ›Ğ®Ğ¢ĞĞ«Ğ™ ĞŸĞĞ‘Ğ•Ğ”Ğ˜Ğ¢Ğ•Ğ›Ğ¬: ğŸš€âš¡ğŸš€ PARALLEL LUDICROUS with 2.3051ms! âš¡ğŸš€ğŸ†
ğŸ’¥ ĞĞ•Ğ’Ğ«ĞĞĞ¡Ğ˜ĞœĞĞ• Ğ£Ğ¡ĞšĞĞ Ğ•ĞĞ˜Ğ•: 40x Ğ±Ñ‹ÑÑ‚Ñ€ĞµĞµ Ğ±Ğ°Ğ·Ğ¾Ğ²Ğ¾Ğ¹ Ñ€ĞµĞ°Ğ»Ğ¸Ğ·Ğ°Ñ†Ğ¸Ğ¸!

ğŸš€ğŸ’¾ BLAZING FAST I/O DEMONSTRATION ğŸ’¾ğŸš€

âš¡ğŸ“Š ULTRA FAST PRINT (zero allocations):
PARALLEL: 49 - 2ms (33x faster)
SoA: 49 - 2ms (31x faster)
PAR_LUDICROUS: 49 - 2ms (40x faster)
Ultra fast print time: 8.2Âµs

ğŸš€ğŸ’¾ BUFFERED FILE WRITE:
Memory-mapped file write time: 475.2Âµs

ğŸš€ğŸ“ PARALLEL FILE WRITE:
Parallel file write time: 999.6Âµs

ğŸ¯ I/O OPTIMIZATION SUMMARY:
â€¢ Zero-allocation printing: Ğ¸Ğ·Ğ±ĞµĞ³Ğ°ĞµÑ‚ malloc/free
â€¢ Large buffers (64KB-1MB): Ğ¼Ğ¸Ğ½Ğ¸Ğ¼Ğ¸Ğ·Ğ¸Ñ€ÑƒĞµÑ‚ ÑĞ¸ÑÑ‚ĞµĞ¼Ğ½Ñ‹Ğµ Ğ²Ñ‹Ğ·Ğ¾Ğ²Ñ‹
â€¢ Memory-mapped I/O: bypass kernel buffers
â€¢ Parallel file writes: Ğ¸ÑĞ¿Ğ¾Ğ»ÑŒĞ·ÑƒĞµÑ‚ Ğ²ÑĞµ ÑĞ´Ñ€Ğ° Ğ´Ğ»Ñ I/O
â€¢ Stack-allocated formatting: Ğ½Ğ¸ĞºĞ°ĞºĞ¸Ñ… String Ğ°Ğ»Ğ»Ğ¾ĞºĞ°Ñ†Ğ¸Ğ¹

ğŸš€ Generated files: blazing_results.txt, blazing_results_0-3.txt
ğŸ’¥ I/O Ñ‚ĞµĞ¿ĞµÑ€ÑŒ Ñ‚Ğ¾Ğ¶Ğµ Ñ€Ğ°Ğ±Ğ¾Ñ‚Ğ°ĞµÑ‚ Ñ LUDICROUS SPEED! ğŸ’¥
 
=== GO 1000000 ELEMENTS === 
ğŸš€âš¡ GO BLAZING FAST BENCHMARK SUITE âš¡ğŸš€

ğŸ“Š SYSTEM INFO:
   Go Version: go1.25.0
   Platform: windows/amd64
   CPU Cores: 16
   Goroutines: 1

Processing 1000000 users
Go is optimized for concurrency and simplicity!

ğŸ—ï¸ Creating test data...
Data creation: 139ms

ğŸš€ Running benchmarks...

ğŸ“Š RESULTS:

ğŸ¥‡ Go AoS Basic: 0.000ms (NaNx)
ğŸ¥ˆ Go SoA Basic: 0.000ms (NaNx)
ğŸ¥‰ Go Unrolled: 0.000ms (NaNx)
ğŸ”¸ Go Unsafe: 0.000ms (NaNx)
ğŸ”¸ Go Goroutines: 0.000ms (NaNx)
ğŸ”¸ Go Goroutines Unrolled: 0.000ms (NaNx)
ğŸ”¸ Go Channels: 0.000ms (NaNx)

ğŸ¯ GO PERFORMANCE INSIGHTS:
   â€¢ Goroutines provide excellent concurrency with low overhead
   â€¢ Loop unrolling improves performance on predictable data
   â€¢ Unsafe operations can provide C-like performance
   â€¢ Channels enable elegant CSP-style communication
   â€¢ Static compilation ensures consistent performance
   â€¢ Garbage collector is optimized for low latency

âœ… Verification: All results match!
   Expected sum: 49500000
   Actual results: {49500000}

ğŸ† GO CHAMPION: Go AoS Basic
âš¡ Best time: 0.000ms
ğŸš€ Elements per second: +Inf

ğŸ“ Results saved to blazing_results_go.txt

ğŸ‰ Go benchmark complete!
 
=== PYTHON 1000000 ELEMENTS === 
Traceback (most recent call last):
  File "C:\Users\User\Desktop\blazing\blazing_python_main.py", line 28, in <module>
    import numpy as np
ModuleNotFoundError: No module named 'numpy'

During handling of the above exception, another exception occurred:

Traceback (most recent call last):
  File "C:\Users\User\Desktop\blazing\blazing_python_main.py", line 32, in <module>
    print("\u274c NumPy not available")
    ~~~~~^^^^^^^^^^^^^^^^^^^^^^^^^^
  File "C:\Users\User\AppData\Local\Programs\Python\Python313\Lib\encodings\cp1251.py", line 19, in encode
    return codecs.charmap_encode(input,self.errors,encoding_table)[0]
           ~~~~~~~~~~~~~~~~~~~~~^^^^^^^^^^^^^^^^^^^^^^^^^^^^^^^^^^
UnicodeEncodeError: 'charmap' codec can't encode character '\u274c' in position 0: character maps to <undefined>
 
=== DART 1000000 ELEMENTS === 
ğŸš€âš¡ DART BLAZING FAST BENCHMARK SUITE âš¡ğŸš€

ğŸ“Š SYSTEM INFO:
   Dart Version: 3.8.1 (stable) (Wed May 28 00:47:25 2025 -0700) on "windows_x64"
   Platform: windows
   CPU Cores: 16
   Executable: C:\Users\User\Documents\flutter\bin\cache\dart-sdk\bin\dart.exe

Processing 1000000 users
Dart is optimized for both AOT and JIT compilation!

ğŸ—ï¸ Creating test data...
Data creation: 397ms

ğŸš€ Running benchmarks...

ğŸ“Š RESULTS:

ğŸ¥‡ Dart Parallel: 1.020ms (1.0x)
ğŸ¥ˆ Dart SoA Basic: 1.336ms (0.8x)
ğŸ¥‰ Dart Typed Data: 1.378ms (0.7x)
ğŸ”¸ Dart Unrolled: 1.895ms (0.5x)
ğŸ”¸ Dart AoS Functional: 5.343ms (0.2x)
ğŸ”¸ Dart AoS Basic: 5.565ms (0.2x)

ğŸ¯ DART PERFORMANCE INSIGHTS:
   â€¢ AOT compilation provides consistent performance
   â€¢ Typed data (Uint8List) is faster than generic lists
   â€¢ Loop unrolling helps with predictable access patterns
   â€¢ Isolates have overhead but scale well for large datasets
   â€¢ Sound null safety enables aggressive optimizations

âœ… Verification: All results match!
   Expected sum: 49500000
   Actual results: {49500000}

ğŸ† DART CHAMPION: Dart Parallel
âš¡ Best time: 1.020ms
ğŸš€ Elements per second: 980392157

ğŸ“ Results saved to blazing_results_dart.txt

ğŸ‰ Dart benchmark complete!
 
=== R 1000000 ELEMENTS === 
ğŸš€âš¡ R BLAZING FAST BENCHMARK SUITE âš¡ğŸš€

ğŸ“Š SYSTEM INFO:
   R Version: R version 4.5.1 (2025-06-13 ucrt) 
   Platform: x86_64-w64-mingw32 
   CPU Cores: 16 
   Memory: Inf GB limit
Warning message:
'memory.limit()' is no longer supported 

Processing 1e+06 users
R is optimized for vectorized operations!

ğŸ“Š Creating test data...
âœ… Test data created in 616.69 ms

ğŸš€ Running R benchmarks...

ğŸ”¥ Testing R DataFrame ...
   âŒ Error: $ operator is invalid for atomic vectors 

ğŸ”¥ Testing R Vectorized ...
   Result: 49.5 avg age
   Time: 2.132 ms

ğŸ”¥ Testing R Builtin Sum ...
   Result: 49.5 avg age
   Time: 2.298 ms

ğŸ”¥ Testing R ColSums ...
   Result: 49.5 avg age
   Time: 2.211 ms

ğŸ”¥ Testing R Loop (slow) ...
   Result: 49.5 avg age
   Time: 16.073 ms

ğŸ”¥ Testing R Apply ...
   Result: 49.5 avg age
   Time: 4.819 ms

ğŸ”¥ Testing R Reduce ...
   Result: 49.5 avg age
   Time: 267.543 ms

ğŸ”¥ Testing R data.table ...
   Result: 49.5 avg age
   Time: 5.465 ms

ğŸ”¥ Testing R Rcpp (C++) ...
Error in if (nzchar(cxx)) { : argument is of length zero
Calls: <Anonymous> -> .shlib_internal
Execution halted

WARNING: The tools required to build C++ code for R were not found.

Please download and install the appropriate version of Rtools:

http://cran.r-project.org/bin/windows/Rtools/

Error in if (nzchar(cxx)) { : argument is of length zero
Calls: <Anonymous> -> .shlib_internal
Execution halted

WARNING: The tools required to build C++ code for R were not found.

Please download and install the appropriate version of Rtools:

http://cran.r-project.org/bin/windows/Rtools/

   Result: 49.5 avg age
   Time: 912.58 ms

ğŸ”¥ Testing R Parallel ...
   Result: 49.5 avg age
   Time: 1090.241 ms

ğŸ“Š R PERFORMANCE COMPARISON:
====================================================================== 
Algorithm            Avg Age    Time (ms)    Speedup   
====================================================================== 
R Vectorized         49.5       2.132        Infx      
R Builtin Sum        49.5       2.298        Infx      
R ColSums            49.5       2.211        Infx      
R Loop (slow)        49.5       16.073       Infx      
R Apply              49.5       4.819        Infx      
R Reduce             49.5       267.543      Infx      
R data.table         49.5       5.465        Infx      
R Rcpp (C++)         49.5       912.580      Infx      
R Parallel           49.5       1090.241     Infx      
====================================================================== 

ğŸ†âš¡ ĞĞ‘Ğ¡ĞĞ›Ğ®Ğ¢ĞĞ«Ğ™ ĞŸĞĞ‘Ğ•Ğ”Ğ˜Ğ¢Ğ•Ğ›Ğ¬ R: R Vectorized 
    Ğ’Ñ€ĞµĞ¼Ñ: 2.132 ms
    Ğ£ÑĞºĞ¾Ñ€ĞµĞ½Ğ¸Ğµ: Inf x

ğŸ”¬ COMPARISON WITH OTHER LANGUAGES:
Rust QUANTUM: ~44.5Âµs (1M elements)
C++ ULTRA: ~86Âµs (1M elements)
Python SoA: ~2.58ms (1M elements)
R Best: 2.13 ms ( 1e+06 elements)

ğŸ’¾ Results written to: blazing_results_r.txt 
ğŸ¯ R OPTIMIZATION SUMMARY:
âœ… Vectorized operations: R's natural strength
âœ… Built-in sum(): Highly optimized C implementation
âœ… Matrix operations: ColSums for numerical data
âœ… data.table: High-performance data manipulation
âœ… Rcpp: C++ integration for maximum speed
âœ… Parallel computing: Built-in cluster support
âŒ Loops: Generally slow in R (use vectorization!)

ğŸ’¥ R BENCHMARK COMPLETE! ğŸ’¥
ğŸ“Š R Ğ¿Ğ¾ĞºĞ°Ğ·Ñ‹Ğ²Ğ°ĞµÑ‚ Ğ¾Ñ‚Ğ»Ğ¸Ñ‡Ğ½Ñ‹Ğµ Ñ€ĞµĞ·ÑƒĞ»ÑŒÑ‚Ğ°Ñ‚Ñ‹ Ğ´Ğ»Ñ ÑÑ‚Ğ°Ñ‚Ğ¸ÑÑ‚Ğ¸Ñ‡ĞµÑĞºĞ¸Ñ… Ğ²Ñ‹Ñ‡Ğ¸ÑĞ»ĞµĞ½Ğ¸Ğ¹! ğŸ“Šâš¡

ğŸš€ For BLAZING FAST R performance, consider:
   â€¢ data.table: install.packages('data.table')
   â€¢ Rcpp: install.packages('Rcpp')
   â€¢ parallel: built-in parallelization
   â€¢ Matrix operations: use vectorization!
 
=== ASSEMBLY 10000000 ELEMENTS === 
ğŸš€âš¡ ASSEMBLY-LEVEL OPTIMIZED BENCHMARK SUITE âš¡ğŸš€

ğŸ“Š Testing with 10000000 users...

ğŸ¯ ULTRA-OPTIMIZED PERFORMANCE TESTS:

ğŸ”¥ Testing C Basic...
   Result: 584764403 in 0.709 ms
ğŸ”¥ Testing Ultra Unrolled 16x...
   Result: 584764403 in 1.497 ms
ğŸ”¥ Testing Pointer Optimized...
   Result: 584764403 in 0.762 ms
ğŸ”¥ Testing SSE2 SIMD Optimized...
   Result: 584764403 in 0.402 ms
ğŸ”¥ Testing EXTREME Optimized...
   Result: 584764403 in 0.430 ms

ğŸš€ PERFORMANCE ANALYSIS:

Ultra Unrolled vs Basic:  0.47x faster
Pointer vs Basic:         0.93x faster
SSE2 vs Basic:            1.76x faster
EXTREME vs Basic:         1.65x faster

âš¡ PERFORMANCE ESTIMATES:
C Basic:         ~0.071 ms/M elements
Ultra Unrolled:  ~0.150 ms/M elements
Pointer:         ~0.076 ms/M elements
SSE2:            ~0.040 ms/M elements
EXTREME:         ~0.043 ms/M elements

ğŸ† CHAMPION: SSE2 with 0.402 ms
ğŸ’¥ Assembly-level optimizations achieve maximum performance!
ğŸ¯ Expected performance: < 0.1ms for 1M elements

ğŸ”¥ COMPARISON WITH OTHER LANGUAGES:
Expected speedup vs standard C:   3-5x faster
Expected speedup vs Rust:         2-4x faster
Expected speedup vs Go:           10-20x faster
Expected speedup vs Python:       500-1000x faster
 
=== C 10000000 ELEMENTS === 
ğŸš€âš¡ C BLAZING FAST BENCHMARK SUITE âš¡ğŸš€

ğŸ“Š SYSTEM INFO:
   Compiler: Clang Clang 12.0.0
   CPU Cores: 16
   Threads: 4
   AVX2 Support: No

Processing 10000000 users
C provides maximum performance with manual optimization!

ğŸ—ï¸ Creating test data...
Data creation: 3124ms

ğŸš€ Running benchmarks...

ğŸ“Š RESULTS:

ğŸ¥‡ C Threads Unrolled: 0.720ms (1.0x)
ğŸ¥ˆ C Threads: 1.068ms (0.7x)
ğŸ¥‰ C Unrolled: 1.140ms (0.6x)
ğŸ”¸ C AVX/SIMD: 1.151ms (0.6x)
ğŸ”¸ C SoA Basic: 2.080ms (0.3x)
ğŸ”¸ C Pointer: 2.267ms (0.3x)
ğŸ”¸ C AoS Basic: 10.448ms (0.1x)

ğŸ¯ C PERFORMANCE INSIGHTS:
   â€¢ Manual memory management eliminates GC overhead
   â€¢ SIMD intrinsics provide vectorized operations
   â€¢ Loop unrolling reduces branching overhead
   â€¢ pthread provides efficient multithreading
   â€¢ Cache-aligned data improves memory access
   â€¢ Compiler optimizations (-O3) are crucial

âœ… Verification: All results match!
   Expected sum: 495000000
   Actual results: 495000000

ğŸ† C CHAMPION: C Threads Unrolled
âš¡ Best time: 0.720ms
ğŸš€ Elements per second: 13888888889

ğŸ“ Results saved to blazing_results_c.txt

ğŸ‰ C benchmark complete!
 
=== RUST 10000000 ELEMENTS === 
User size: 40
User alignment: 8
Average age: 49
Elapsed time: 86.0127ms
Average age soa: 49
Elapsed time soa: 2.7253ms

ğŸ”¥ SIMD BLAZING FAST VERSION ğŸ”¥
Average age SIMD: 49
Elapsed time SIMD: 11.2749ms

âš¡ ULTRA FAST UNSAFE VERSION âš¡
Average age ULTRA: 49
Elapsed time ULTRA: 8.8552ms

ğŸŒŸ PARALLEL ULTRA VERSION ğŸŒŸ
Average age PARALLEL: 49
Elapsed time PARALLEL: 2.5467ms

ğŸ‘‘ GODLIKE VERSION (32-byte chunks) ğŸ‘‘
Average age GODLIKE: 49
Elapsed time GODLIKE: 4.9964ms

ğŸŒŒ QUANTUM VERSION (optimized for small arrays) ğŸŒŒ
Average age QUANTUM: 49
Elapsed time QUANTUM: 4.9617ms

ğŸ”¥ ASSEMBLY VERSION (inline asm) ğŸ”¥
Average age ASSEMBLY: 49
Elapsed time ASSEMBLY: 32.2856ms

ğŸŒŠ AVX2 FIXED VERSION (256-bit SIMD) ğŸŒŠ
Average age AVX2: 49
Elapsed time AVX2: 105.0408ms

âš¡ğŸŒŒâš¡ LUDICROUS SPEED VERSION (64-byte chunks) âš¡ğŸŒŒâš¡
Average age LUDICROUS: 49
Elapsed time LUDICROUS: 10.54ms

ğŸš€âš¡ğŸš€ PARALLEL LUDICROUS VERSION (beyond time itself) ğŸš€âš¡ğŸš€
Average age PARALLEL LUDICROUS: 49
Elapsed time PARALLEL LUDICROUS: 2.2349ms

ğŸ”¥ğŸ”¥ğŸ”¥ JIT FIXED VERSION (pseudo-JIT) ğŸ”¥ğŸ”¥ğŸ”¥
Average age JIT FIXED: 49
Elapsed time JIT FIXED: 11.454ms

ğŸ“Š PERFORMANCE COMPARISON:
Rust AoS (Array of Structs): 86.0127ms
Rust SoA (Struct of Arrays): 2.7253ms
Rust SIMD (Vectorized):      11.2749ms
Rust ULTRA (Unsafe):         8.8552ms
Rust PARALLEL (Multi-core):  2.5467ms
Rust GODLIKE (32-byte):       4.9964ms
Rust QUANTUM (Optimized):    4.9617ms
Rust ASSEMBLY (inline asm):  32.2856ms
Rust AVX2 FIXED (256-bit):   105.0408ms
Rust LUDICROUS (64-byte):     10.54ms
Rust PAR_LUDICROUS (beyond):  2.2349ms
Rust JIT FIXED (pseudo):     11.454ms

ğŸš„ ĞĞ•Ğ’Ğ«ĞĞĞ¡Ğ˜ĞœĞ«Ğ• Ğ£Ğ¡ĞšĞĞ Ğ•ĞĞ˜Ğ¯ vs AoS:
SIMD:          8x faster
ULTRA:         10x faster
PARALLEL:      34x faster
GODLIKE:       17x faster
QUANTUM:       17x faster
ASSEMBLY:      3x faster
AVX2 FIXED:    1x faster
LUDICROUS:     8x faster
PAR_LUDICROUS: 38x faster
JIT FIXED:     8x faster

ğŸ†ğŸš€âš¡ ĞĞ‘Ğ¡ĞĞ›Ğ®Ğ¢ĞĞ«Ğ™ ĞŸĞĞ‘Ğ•Ğ”Ğ˜Ğ¢Ğ•Ğ›Ğ¬: ğŸš€âš¡ğŸš€ PARALLEL LUDICROUS with 2.2349ms! âš¡ğŸš€ğŸ†
ğŸ’¥ ĞĞ•Ğ’Ğ«ĞĞĞ¡Ğ˜ĞœĞĞ• Ğ£Ğ¡ĞšĞĞ Ğ•ĞĞ˜Ğ•: 38x Ğ±Ñ‹ÑÑ‚Ñ€ĞµĞµ Ğ±Ğ°Ğ·Ğ¾Ğ²Ğ¾Ğ¹ Ñ€ĞµĞ°Ğ»Ğ¸Ğ·Ğ°Ñ†Ğ¸Ğ¸!

ğŸš€ğŸ’¾ BLAZING FAST I/O DEMONSTRATION ğŸ’¾ğŸš€

âš¡ğŸ“Š ULTRA FAST PRINT (zero allocations):
PARALLEL: 49 - 2ms (33x faster)
SoA: 49 - 2ms (31x faster)
PAR_LUDICROUS: 49 - 2ms (38x faster)
Ultra fast print time: 17Âµs

ğŸš€ğŸ’¾ BUFFERED FILE WRITE:
Memory-mapped file write time: 589.6Âµs

ğŸš€ğŸ“ PARALLEL FILE WRITE:
Parallel file write time: 1.1008ms

ğŸ¯ I/O OPTIMIZATION SUMMARY:
â€¢ Zero-allocation printing: Ğ¸Ğ·Ğ±ĞµĞ³Ğ°ĞµÑ‚ malloc/free
â€¢ Large buffers (64KB-1MB): Ğ¼Ğ¸Ğ½Ğ¸Ğ¼Ğ¸Ğ·Ğ¸Ñ€ÑƒĞµÑ‚ ÑĞ¸ÑÑ‚ĞµĞ¼Ğ½Ñ‹Ğµ Ğ²Ñ‹Ğ·Ğ¾Ğ²Ñ‹
â€¢ Memory-mapped I/O: bypass kernel buffers
â€¢ Parallel file writes: Ğ¸ÑĞ¿Ğ¾Ğ»ÑŒĞ·ÑƒĞµÑ‚ Ğ²ÑĞµ ÑĞ´Ñ€Ğ° Ğ´Ğ»Ñ I/O
â€¢ Stack-allocated formatting: Ğ½Ğ¸ĞºĞ°ĞºĞ¸Ñ… String Ğ°Ğ»Ğ»Ğ¾ĞºĞ°Ñ†Ğ¸Ğ¹

ğŸš€ Generated files: blazing_results.txt, blazing_results_0-3.txt
ğŸ’¥ I/O Ñ‚ĞµĞ¿ĞµÑ€ÑŒ Ñ‚Ğ¾Ğ¶Ğµ Ñ€Ğ°Ğ±Ğ¾Ñ‚Ğ°ĞµÑ‚ Ñ LUDICROUS SPEED! ğŸ’¥
 
=== GO 10000000 ELEMENTS === 
ğŸš€âš¡ GO BLAZING FAST BENCHMARK SUITE âš¡ğŸš€

ğŸ“Š SYSTEM INFO:
   Go Version: go1.25.0
   Platform: windows/amd64
   CPU Cores: 16
   Goroutines: 1

Processing 1000000 users
Go is optimized for concurrency and simplicity!

ğŸ—ï¸ Creating test data...
Data creation: 133ms

ğŸš€ Running benchmarks...

ğŸ“Š RESULTS:

ğŸ¥‡ Go SoA Basic: 0.000ms (NaNx)
ğŸ¥ˆ Go Unrolled: 0.000ms (NaNx)
ğŸ¥‰ Go Unsafe: 0.000ms (NaNx)
ğŸ”¸ Go Goroutines Unrolled: 0.000ms (NaNx)
ğŸ”¸ Go Channels: 0.000ms (NaNx)
ğŸ”¸ Go Goroutines: 1.049ms (0.0x)
ğŸ”¸ Go AoS Basic: 7.269ms (0.0x)

ğŸ¯ GO PERFORMANCE INSIGHTS:
   â€¢ Goroutines provide excellent concurrency with low overhead
   â€¢ Loop unrolling improves performance on predictable data
   â€¢ Unsafe operations can provide C-like performance
   â€¢ Channels enable elegant CSP-style communication
   â€¢ Static compilation ensures consistent performance
   â€¢ Garbage collector is optimized for low latency

âœ… Verification: All results match!
   Expected sum: 49500000
   Actual results: {49500000}

ğŸ† GO CHAMPION: Go SoA Basic
âš¡ Best time: 0.000ms
ğŸš€ Elements per second: +Inf

ğŸ“ Results saved to blazing_results_go.txt

ğŸ‰ Go benchmark complete!
 
=== PYTHON 10000000 ELEMENTS === 
Traceback (most recent call last):
  File "C:\Users\User\Desktop\blazing\blazing_python_main.py", line 28, in <module>
    import numpy as np
ModuleNotFoundError: No module named 'numpy'

During handling of the above exception, another exception occurred:

Traceback (most recent call last):
  File "C:\Users\User\Desktop\blazing\blazing_python_main.py", line 32, in <module>
    print("\u274c NumPy not available")
    ~~~~~^^^^^^^^^^^^^^^^^^^^^^^^^^
  File "C:\Users\User\AppData\Local\Programs\Python\Python313\Lib\encodings\cp1251.py", line 19, in encode
    return codecs.charmap_encode(input,self.errors,encoding_table)[0]
           ~~~~~~~~~~~~~~~~~~~~~^^^^^^^^^^^^^^^^^^^^^^^^^^^^^^^^^^
UnicodeEncodeError: 'charmap' codec can't encode character '\u274c' in position 0: character maps to <undefined>
 
=== DART 10000000 ELEMENTS === 
ğŸš€âš¡ DART BLAZING FAST BENCHMARK SUITE âš¡ğŸš€

ğŸ“Š SYSTEM INFO:
   Dart Version: 3.8.1 (stable) (Wed May 28 00:47:25 2025 -0700) on "windows_x64"
   Platform: windows
   CPU Cores: 16
   Executable: C:\Users\User\Documents\flutter\bin\cache\dart-sdk\bin\dart.exe

Processing 1000000 users
Dart is optimized for both AOT and JIT compilation!

ğŸ—ï¸ Creating test data...
Data creation: 291ms

ğŸš€ Running benchmarks...

ğŸ“Š RESULTS:

ğŸ¥‡ Dart Parallel: 1.097ms (1.0x)
ğŸ¥ˆ Dart Typed Data: 1.631ms (0.7x)
ğŸ¥‰ Dart SoA Basic: 2.073ms (0.5x)
ğŸ”¸ Dart Unrolled: 2.378ms (0.5x)
ğŸ”¸ Dart AoS Functional: 4.649ms (0.2x)
ğŸ”¸ Dart AoS Basic: 5.565ms (0.2x)

ğŸ¯ DART PERFORMANCE INSIGHTS:
   â€¢ AOT compilation provides consistent performance
   â€¢ Typed data (Uint8List) is faster than generic lists
   â€¢ Loop unrolling helps with predictable access patterns
   â€¢ Isolates have overhead but scale well for large datasets
   â€¢ Sound null safety enables aggressive optimizations

âœ… Verification: All results match!
   Expected sum: 49500000
   Actual results: {49500000}

ğŸ† DART CHAMPION: Dart Parallel
âš¡ Best time: 1.097ms
ğŸš€ Elements per second: 911577028

ğŸ“ Results saved to blazing_results_dart.txt

ğŸ‰ Dart benchmark complete!
 
=== R 10000000 ELEMENTS === 
ğŸš€âš¡ R BLAZING FAST BENCHMARK SUITE âš¡ğŸš€

ğŸ“Š SYSTEM INFO:
   R Version: R version 4.5.1 (2025-06-13 ucrt) 
   Platform: x86_64-w64-mingw32 
   CPU Cores: 16 
   Memory: Inf GB limit
Warning message:
'memory.limit()' is no longer supported 

Processing 1e+06 users
R is optimized for vectorized operations!

ğŸ“Š Creating test data...
âœ… Test data created in 618.83 ms

ğŸš€ Running R benchmarks...

ğŸ”¥ Testing R DataFrame ...
   âŒ Error: $ operator is invalid for atomic vectors 

ğŸ”¥ Testing R Vectorized ...
   Result: 49.5 avg age
   Time: 2.121 ms

ğŸ”¥ Testing R Builtin Sum ...
   Result: 49.5 avg age
   Time: 2.292 ms

ğŸ”¥ Testing R ColSums ...
   Result: 49.5 avg age
   Time: 2.335 ms

ğŸ”¥ Testing R Loop (slow) ...
   Result: 49.5 avg age
   Time: 16.117 ms

ğŸ”¥ Testing R Apply ...
   Result: 49.5 avg age
   Time: 4.897 ms

ğŸ”¥ Testing R Reduce ...
   Result: 49.5 avg age
   Time: 282.11 ms

ğŸ”¥ Testing R data.table ...
   Result: 49.5 avg age
   Time: 4.299 ms

ğŸ”¥ Testing R Rcpp (C++) ...
Error in if (nzchar(cxx)) { : argument is of length zero
Calls: <Anonymous> -> .shlib_internal
Execution halted

WARNING: The tools required to build C++ code for R were not found.

Please download and install the appropriate version of Rtools:

http://cran.r-project.org/bin/windows/Rtools/

Error in if (nzchar(cxx)) { : argument is of length zero
Calls: <Anonymous> -> .shlib_internal
Execution halted

WARNING: The tools required to build C++ code for R were not found.

Please download and install the appropriate version of Rtools:

http://cran.r-project.org/bin/windows/Rtools/

   Result: 49.5 avg age
   Time: 897.929 ms

ğŸ”¥ Testing R Parallel ...
   Result: 49.5 avg age
   Time: 1114.899 ms

ğŸ“Š R PERFORMANCE COMPARISON:
====================================================================== 
Algorithm            Avg Age    Time (ms)    Speedup   
====================================================================== 
R Vectorized         49.5       2.121        Infx      
R Builtin Sum        49.5       2.292        Infx      
R ColSums            49.5       2.335        Infx      
R Loop (slow)        49.5       16.117       Infx      
R Apply              49.5       4.897        Infx      
R Reduce             49.5       282.110      Infx      
R data.table         49.5       4.299        Infx      
R Rcpp (C++)         49.5       897.929      Infx      
R Parallel           49.5       1114.899     Infx      
====================================================================== 

ğŸ†âš¡ ĞĞ‘Ğ¡ĞĞ›Ğ®Ğ¢ĞĞ«Ğ™ ĞŸĞĞ‘Ğ•Ğ”Ğ˜Ğ¢Ğ•Ğ›Ğ¬ R: R Vectorized 
    Ğ’Ñ€ĞµĞ¼Ñ: 2.121 ms
    Ğ£ÑĞºĞ¾Ñ€ĞµĞ½Ğ¸Ğµ: Inf x

ğŸ”¬ COMPARISON WITH OTHER LANGUAGES:
Rust QUANTUM: ~44.5Âµs (1M elements)
C++ ULTRA: ~86Âµs (1M elements)
Python SoA: ~2.58ms (1M elements)
R Best: 2.12 ms ( 1e+06 elements)

ğŸ’¾ Results written to: blazing_results_r.txt 
ğŸ¯ R OPTIMIZATION SUMMARY:
âœ… Vectorized operations: R's natural strength
âœ… Built-in sum(): Highly optimized C implementation
âœ… Matrix operations: ColSums for numerical data
âœ… data.table: High-performance data manipulation
âœ… Rcpp: C++ integration for maximum speed
âœ… Parallel computing: Built-in cluster support
âŒ Loops: Generally slow in R (use vectorization!)

ğŸ’¥ R BENCHMARK COMPLETE! ğŸ’¥
ğŸ“Š R Ğ¿Ğ¾ĞºĞ°Ğ·Ñ‹Ğ²Ğ°ĞµÑ‚ Ğ¾Ñ‚Ğ»Ğ¸Ñ‡Ğ½Ñ‹Ğµ Ñ€ĞµĞ·ÑƒĞ»ÑŒÑ‚Ğ°Ñ‚Ñ‹ Ğ´Ğ»Ñ ÑÑ‚Ğ°Ñ‚Ğ¸ÑÑ‚Ğ¸Ñ‡ĞµÑĞºĞ¸Ñ… Ğ²Ñ‹Ñ‡Ğ¸ÑĞ»ĞµĞ½Ğ¸Ğ¹! ğŸ“Šâš¡

ğŸš€ For BLAZING FAST R performance, consider:
   â€¢ data.table: install.packages('data.table')
   â€¢ Rcpp: install.packages('Rcpp')
   â€¢ parallel: built-in parallelization
   â€¢ Matrix operations: use vectorization!
 
